app/libs/SlidingMenu/build/intermediates/manifest_merge_blame_file/debug/manifest-merger-blame-debug-report.txt
1<?xml version="1.0" encoding="utf-8"?>
2<manifest xmlns:android="http://schemas.android.com/apk/res/android"
3    package="com.jeremyfeinstein.slidingmenu.lib"
4    android:versionCode="1"
5    android:versionName="1.0" > <!-- <uses-sdk -->
6    <!-- android:minSdkVersion="16" -->
7    <!-- android:targetSdkVersion="30" /> -->
8    <uses-sdk
9        android:minSdkVersion="16"
9-->libs\SlidingMenu\AndroidManifest.xml
10        android:targetSdkVersion="30" />
10-->libs\SlidingMenu\AndroidManifest.xml
11
12</manifest>